2022-10-07 20:49:06,926 - INFO conftest.py [line:12]: ==========开始 日清项目 执行测试===========
2022-10-07 20:49:06,926 - INFO conftest.py [line:12]: ==========开始 日清项目 执行测试===========
2022-10-07 20:49:08,248 - INFO conftest.py [line:18]: ==========开始执行测试用例集===========
2022-10-07 20:49:08,248 - INFO conftest.py [line:18]: ==========开始执行测试用例集===========
2022-10-07 20:49:08,248 - INFO conftest.py [line:21]: ----------------------------<selenium.webdriver.chrome.webdriver.WebDriver (session="f91a6eb5103420844d9515abd7b9f2e3")>
2022-10-07 20:49:08,248 - INFO conftest.py [line:21]: ----------------------------<selenium.webdriver.chrome.webdriver.WebDriver (session="f91a6eb5103420844d9515abd7b9f2e3")>
2022-10-07 20:49:08,930 - INFO loginpage.py [line:29]: 【===登录操作===】
2022-10-07 20:49:08,930 - INFO loginpage.py [line:29]: 【===登录操作===】
2022-10-07 20:49:08,930 - INFO basePage.py [line:51]: 等待"姓名输入框"元素,定位方式:('id', 'username')
2022-10-07 20:49:08,930 - INFO basePage.py [line:51]: 等待"姓名输入框"元素,定位方式:('id', 'username')
2022-10-07 20:49:08,954 - INFO basePage.py [line:56]: 等待"姓名输入框"时长:0:00:00.022929
2022-10-07 20:49:08,954 - INFO basePage.py [line:56]: 等待"姓名输入框"时长:0:00:00.022929
2022-10-07 20:49:08,955 - INFO basePage.py [line:86]: 查找"姓名输入框"元素，元素定位:('id', 'username')
2022-10-07 20:49:08,955 - INFO basePage.py [line:86]: 查找"姓名输入框"元素，元素定位:('id', 'username')
2022-10-07 20:49:08,961 - INFO basePage.py [line:111]: 在"姓名输入框"输入"43347",元素定位:('id', 'username')
2022-10-07 20:49:08,961 - INFO basePage.py [line:111]: 在"姓名输入框"输入"43347",元素定位:('id', 'username')
2022-10-07 20:49:09,032 - INFO basePage.py [line:86]: 查找"密码框"元素，元素定位:('id', 'password')
2022-10-07 20:49:09,032 - INFO basePage.py [line:86]: 查找"密码框"元素，元素定位:('id', 'password')
2022-10-07 20:49:09,040 - INFO basePage.py [line:111]: 在"密码框"输入"BW@jason8854",元素定位:('id', 'password')
2022-10-07 20:49:09,040 - INFO basePage.py [line:111]: 在"密码框"输入"BW@jason8854",元素定位:('id', 'password')
2022-10-07 20:49:09,094 - INFO basePage.py [line:86]: 查找"点击登录"元素，元素定位:('id', 'submit')
2022-10-07 20:49:09,094 - INFO basePage.py [line:86]: 查找"点击登录"元素，元素定位:('id', 'submit')
2022-10-07 20:49:09,104 - INFO basePage.py [line:138]: 点击"点击登录",元素定位:('id', 'submit')
2022-10-07 20:49:09,104 - INFO basePage.py [line:138]: 点击"点击登录",元素定位:('id', 'submit')
2022-10-07 20:49:09,134 - INFO dayplanpage.py [line:38]: 【===添加日清操作===】
2022-10-07 20:49:09,134 - INFO dayplanpage.py [line:38]: 【===添加日清操作===】
2022-10-07 20:49:09,135 - INFO basePage.py [line:86]: 查找"<我的计划>按钮"元素，元素定位:('id', 'firstPageAction')
2022-10-07 20:49:09,135 - INFO basePage.py [line:86]: 查找"<我的计划>按钮"元素，元素定位:('id', 'firstPageAction')
2022-10-07 20:49:13,179 - INFO basePage.py [line:138]: 点击"<我的计划>按钮",元素定位:('id', 'firstPageAction')
2022-10-07 20:49:13,179 - INFO basePage.py [line:138]: 点击"<我的计划>按钮",元素定位:('id', 'firstPageAction')
2022-10-07 20:49:14,271 - ERROR basePage.py [line:142]: "<我的计划>按钮"点击失败
Traceback (most recent call last):
  File "D:\RiQingUITest\Common\basePage.py", line 140, in click_element
    ele.click()
  File "E:\IT_Application\Python\python\lib\site-packages\selenium\webdriver\remote\webelement.py", line 88, in click
    self._execute(Command.CLICK_ELEMENT)
  File "E:\IT_Application\Python\python\lib\site-packages\selenium\webdriver\remote\webelement.py", line 396, in _execute
    return self._parent.execute(command, params)
  File "E:\IT_Application\Python\python\lib\site-packages\selenium\webdriver\remote\webdriver.py", line 428, in execute
    self.error_handler.check_response(response)
  File "E:\IT_Application\Python\python\lib\site-packages\selenium\webdriver\remote\errorhandler.py", line 243, in check_response
    raise exception_class(message, screen, stacktrace)
selenium.common.exceptions.ElementClickInterceptedException: Message: element click intercepted: Element <a id="firstPageAction" lay-href="/warning-service/dayPlan">...</a> is not clickable at point (110, 122). Other element would receive the click: <dl class="layui-nav-child" style="display: block;">...</dl>
  (Session info: chrome=106.0.5249.62)
Stacktrace:
Backtrace:
	Ordinal0 [0x0089DF13+2219795]
	Ordinal0 [0x00832841+1779777]
	Ordinal0 [0x0074423D+803389]
	Ordinal0 [0x007799D4+1022420]
	Ordinal0 [0x007778C4+1013956]
	Ordinal0 [0x007754AB+1004715]
	Ordinal0 [0x00774117+999703]
	Ordinal0 [0x00769B76+957302]
	Ordinal0 [0x0078E7FC+1107964]
	Ordinal0 [0x007694B4+955572]
	Ordinal0 [0x0078EA14+1108500]
	Ordinal0 [0x0079F192+1175954]
	Ordinal0 [0x0078E616+1107478]
	Ordinal0 [0x00767F89+950153]
	Ordinal0 [0x00768F56+954198]
	GetHandleVerifier [0x00B92CB2+3040210]
	GetHandleVerifier [0x00B82BB4+2974420]
	GetHandleVerifier [0x00936A0A+565546]
	GetHandleVerifier [0x00935680+560544]
	Ordinal0 [0x00839A5C+1808988]
	Ordinal0 [0x0083E3A8+1827752]
	Ordinal0 [0x0083E495+1827989]
	Ordinal0 [0x008480A4+1867940]
	BaseThreadInitThunk [0x775FFA29+25]
	RtlGetAppContainerNamedObjectPath [0x777E7B5E+286]
	RtlGetAppContainerNamedObjectPath [0x777E7B2E+238]

2022-10-07 20:49:14,271 - ERROR basePage.py [line:142]: "<我的计划>按钮"点击失败
Traceback (most recent call last):
  File "D:\RiQingUITest\Common\basePage.py", line 140, in click_element
    ele.click()
  File "E:\IT_Application\Python\python\lib\site-packages\selenium\webdriver\remote\webelement.py", line 88, in click
    self._execute(Command.CLICK_ELEMENT)
  File "E:\IT_Application\Python\python\lib\site-packages\selenium\webdriver\remote\webelement.py", line 396, in _execute
    return self._parent.execute(command, params)
  File "E:\IT_Application\Python\python\lib\site-packages\selenium\webdriver\remote\webdriver.py", line 428, in execute
    self.error_handler.check_response(response)
  File "E:\IT_Application\Python\python\lib\site-packages\selenium\webdriver\remote\errorhandler.py", line 243, in check_response
    raise exception_class(message, screen, stacktrace)
selenium.common.exceptions.ElementClickInterceptedException: Message: element click intercepted: Element <a id="firstPageAction" lay-href="/warning-service/dayPlan">...</a> is not clickable at point (110, 122). Other element would receive the click: <dl class="layui-nav-child" style="display: block;">...</dl>
  (Session info: chrome=106.0.5249.62)
Stacktrace:
Backtrace:
	Ordinal0 [0x0089DF13+2219795]
	Ordinal0 [0x00832841+1779777]
	Ordinal0 [0x0074423D+803389]
	Ordinal0 [0x007799D4+1022420]
	Ordinal0 [0x007778C4+1013956]
	Ordinal0 [0x007754AB+1004715]
	Ordinal0 [0x00774117+999703]
	Ordinal0 [0x00769B76+957302]
	Ordinal0 [0x0078E7FC+1107964]
	Ordinal0 [0x007694B4+955572]
	Ordinal0 [0x0078EA14+1108500]
	Ordinal0 [0x0079F192+1175954]
	Ordinal0 [0x0078E616+1107478]
	Ordinal0 [0x00767F89+950153]
	Ordinal0 [0x00768F56+954198]
	GetHandleVerifier [0x00B92CB2+3040210]
	GetHandleVerifier [0x00B82BB4+2974420]
	GetHandleVerifier [0x00936A0A+565546]
	GetHandleVerifier [0x00935680+560544]
	Ordinal0 [0x00839A5C+1808988]
	Ordinal0 [0x0083E3A8+1827752]
	Ordinal0 [0x0083E495+1827989]
	Ordinal0 [0x008480A4+1867940]
	BaseThreadInitThunk [0x775FFA29+25]
	RtlGetAppContainerNamedObjectPath [0x777E7B5E+286]
	RtlGetAppContainerNamedObjectPath [0x777E7B2E+238]

2022-10-07 20:49:14,362 - INFO conftest.py [line:26]: ==========结束执行测试用例集===========
2022-10-07 20:49:14,362 - INFO conftest.py [line:26]: ==========结束执行测试用例集===========
2022-10-07 20:49:16,530 - INFO conftest.py [line:18]: ==========结束 日清项目 测试===========
2022-10-07 20:49:16,530 - INFO conftest.py [line:18]: ==========结束 日清项目 测试===========
